RUN	com.gatling.perftests.RecordedSimulationComputerDB	recordedsimulationcomputerdb	1689954826552	perf test new	3.6.1
USER	Users	START	1689954828256
USER	Admins	START	1689954828256
USER	Users	START	1689954829244
REQUEST		homePage_Computer	1689954829245	1689954829633	OK	 
REQUEST		homePage_Computer	1689954828287	1689954830121	OK	 
REQUEST		homePage_Computer	1689954828287	1689954830128	OK	 
USER	Admins	START	1689954830242
USER	Users	START	1689954830257
REQUEST		homePage_Computer	1689954830242	1689954830579	OK	 
REQUEST		homePage_Computer	1689954830258	1689954830582	OK	 
USER	Users	START	1689954831238
REQUEST		homePage_Computer	1689954831239	1689954831586	OK	 
USER	Admins	START	1689954832246
USER	Users	START	1689954832246
REQUEST		homePage_Computer	1689954832246	1689954832599	OK	 
REQUEST		homePage_Computer	1689954832246	1689954832601	OK	 
USER	Users	START	1689954833242
REQUEST		homePage_Computer	1689954833242	1689954833588	OK	 
USER	Users	START	1689954834250
USER	Admins	START	1689954834250
REQUEST		homePage_Computer	1689954834251	1689954834583	OK	 
REQUEST		homePage_Computer	1689954834251	1689954834591	OK	 
USER	Users	START	1689954835243
REQUEST		homePage_Computer	1689954835244	1689954835649	OK	 
USER	Admins	START	1689954836250
USER	Users	START	1689954836250
REQUEST		homePage_Computer	1689954836250	1689954836633	OK	 
REQUEST		homePage_Computer	1689954836250	1689954836643	OK	 
USER	Users	START	1689954837246
REQUEST		homePage_Computer	1689954837246	1689954837579	OK	 
REQUEST		search_Computer	1689954843727	1689954843974	OK	 
REQUEST		search_Computer	1689954844133	1689954844379	OK	 
REQUEST		search_Computer	1689954844133	1689954844387	OK	 
REQUEST		search_Computer	1689954844587	1689954844814	OK	 
REQUEST		search_Computer	1689954844587	1689954844829	OK	 
REQUEST		search_Computer	1689954845599	1689954845825	OK	 
USER	Users	END	1689954845989
USER	Users	END	1689954846396
REQUEST		select_Computer	1689954846396	1689954846625	OK	 
USER	Users	END	1689954846823
REQUEST		search_Computer	1689954846617	1689954846840	OK	 
REQUEST		search_Computer	1689954846617	1689954846847	OK	 
REQUEST		select_Computer	1689954846839	1689954847075	OK	 
REQUEST		search_Computer	1689954847604	1689954847834	OK	 
USER	Users	END	1689954847841
REQUEST		search_Computer	1689954848585	1689954848808	OK	 
REQUEST		search_Computer	1689954848601	1689954848817	OK	 
USER	Users	END	1689954848853
REQUEST		select_Computer	1689954848853	1689954849078	OK	 
USER	Users	END	1689954849851
REQUEST		search_Computer	1689954849663	1689954849892	OK	 
USER	Users	END	1689954850812
REQUEST		search_Computer	1689954850640	1689954850873	OK	 
REQUEST		search_Computer	1689954850656	1689954850896	OK	 
REQUEST		select_Computer	1689954850828	1689954851043	OK	 
REQUEST		search_Computer	1689954851590	1689954851847	OK	 
USER	Users	END	1689954851902
USER	Users	END	1689954852876
REQUEST		select_Computer	1689954852907	1689954853140	OK	 
USER	Users	END	1689954853854
REQUEST		edit_Computer	1689954861642	1689954861750	OK	 
REQUEST		edit_Computer Redirect 1	1689954861761	1689954861992	OK	 
REQUEST		edit_Computer	1689954862092	1689954862210	OK	 
REQUEST		edit_Computer Redirect 1	1689954862212	1689954862436	OK	 
USER	Admins	END	1689954864001
REQUEST		edit_Computer	1689954864093	1689954864200	OK	 
REQUEST		edit_Computer Redirect 1	1689954864200	1689954864417	OK	 
USER	Admins	END	1689954864440
REQUEST		edit_Computer	1689954866058	1689954866162	OK	 
REQUEST		edit_Computer Redirect 1	1689954866163	1689954866388	OK	 
USER	Admins	END	1689954866433
REQUEST		edit_Computer	1689954868151	1689954868291	OK	 
USER	Admins	END	1689954868398
REQUEST		edit_Computer Redirect 1	1689954868292	1689954868546	OK	 
USER	Admins	END	1689954870550
