RUN	com.gatling.tests.RecordedSimulationComputerDB	recordedsimulationcomputerdb	1689953124452	Perf Test with users and ramp up time	3.6.1
USER	Users	START	1689953125674
USER	Admins	START	1689953125674
REQUEST		homePage_Computer	1689953125775	1689953126353	OK	 
REQUEST		homePage_Computer	1689953125775	1689953126631	OK	 
USER	Users	START	1689953126664
REQUEST		homePage_Computer	1689953126664	1689953127629	OK	 
USER	Admins	START	1689953127666
USER	Users	START	1689953127666
REQUEST		homePage_Computer	1689953127666	1689953128023	OK	 
REQUEST		homePage_Computer	1689953127666	1689953128023	OK	 
USER	Users	START	1689953128662
REQUEST		homePage_Computer	1689953128662	1689953129007	OK	 
USER	Users	START	1689953129658
USER	Admins	START	1689953129658
REQUEST		homePage_Computer	1689953129659	1689953130021	OK	 
REQUEST		homePage_Computer	1689953129659	1689953130022	OK	 
USER	Users	START	1689953130669
REQUEST		homePage_Computer	1689953130669	1689953131002	OK	 
USER	Users	START	1689953131662
USER	Admins	START	1689953131662
REQUEST		homePage_Computer	1689953131662	1689953132003	OK	 
REQUEST		homePage_Computer	1689953131662	1689953132640	OK	 
USER	Users	START	1689953132658
REQUEST		homePage_Computer	1689953132658	1689953133018	OK	 
USER	Users	START	1689953133665
USER	Admins	START	1689953133665
REQUEST		homePage_Computer	1689953133666	1689953134014	OK	 
REQUEST		homePage_Computer	1689953133666	1689953134022	OK	 
USER	Users	START	1689953134667
REQUEST		homePage_Computer	1689953134667	1689953135004	OK	 
REQUEST		search_Computer	1689953140455	1689953140700	OK	 
REQUEST		search_Computer	1689953140640	1689953140879	OK	 
REQUEST		search_Computer	1689953141632	1689953141870	OK	 
REQUEST		search_Computer	1689953142037	1689953142269	OK	 
REQUEST		search_Computer	1689953142037	1689953142269	OK	 
USER	Users	END	1689953142710
REQUEST		select_Computer	1689953142894	1689953143114	OK	 
REQUEST		search_Computer	1689953143019	1689953143253	OK	 
USER	Users	END	1689953143885
REQUEST		search_Computer	1689953144023	1689953144269	OK	 
REQUEST		search_Computer	1689953144038	1689953144273	OK	 
USER	Users	END	1689953144276
REQUEST		select_Computer	1689953144276	1689953144515	OK	 
REQUEST		search_Computer	1689953145007	1689953145226	OK	 
USER	Users	END	1689953145258
REQUEST		search_Computer	1689953146017	1689953146239	OK	 
USER	Users	END	1689953146285
REQUEST		select_Computer	1689953146285	1689953146532	OK	 
REQUEST		search_Computer	1689953146644	1689953146873	OK	 
USER	Users	END	1689953147235
REQUEST		search_Computer	1689953147030	1689953147251	OK	 
REQUEST		search_Computer	1689953148037	1689953148476	OK	 
REQUEST		search_Computer	1689953148022	1689953148476	OK	 
REQUEST		select_Computer	1689953148252	1689953148791	OK	 
USER	Users	END	1689953148882
USER	Users	END	1689953149254
REQUEST		search_Computer	1689953149020	1689953149700	OK	 
USER	Users	END	1689953150484
REQUEST		select_Computer	1689953150484	1689953150876	OK	 
USER	Users	END	1689953151712
REQUEST		edit_Computer	1689953158127	1689953158241	OK	 
REQUEST		edit_Computer Redirect 1	1689953158251	1689953158478	OK	 
REQUEST		edit_Computer	1689953159522	1689953159648	OK	 
REQUEST		edit_Computer Redirect 1	1689953159649	1689953159885	OK	 
USER	Admins	END	1689953160491
REQUEST		edit_Computer	1689953161548	1689953161667	OK	 
USER	Admins	END	1689953161892
REQUEST		edit_Computer Redirect 1	1689953161667	1689953161900	OK	 
REQUEST		edit_Computer	1689953163794	1689953163899	OK	 
USER	Admins	END	1689953163915
REQUEST		edit_Computer Redirect 1	1689953163899	1689953164121	OK	 
REQUEST		edit_Computer	1689953165878	1689953165995	OK	 
USER	Admins	END	1689953166126
REQUEST		edit_Computer Redirect 1	1689953165996	1689953166236	OK	 
USER	Admins	END	1689953168245
