RUN	com.gatling.perftests.RecordedSimulationComputerDB	recordedsimulationcomputerdb	1689962195721	Failed Test	3.6.1
USER	Users	START	1689962196897
USER	Admins	START	1689962196897
USER	Users	START	1689962197890
REQUEST		homePage_Computer	1689962196972	1689962198144	OK	 
REQUEST		homePage_Computer	1689962196972	1689962198147	OK	 
USER	Users	START	1689962198883
USER	Admins	START	1689962198884
REQUEST		homePage_Computer	1689962197891	1689962199091	OK	 
REQUEST		homePage_Computer	1689962198884	1689962199228	OK	 
REQUEST		homePage_Computer	1689962198884	1689962199239	OK	 
USER	Users	START	1689962199883
REQUEST		homePage_Computer	1689962199883	1689962200236	OK	 
USER	Admins	START	1689962200879
USER	Users	START	1689962200879
REQUEST		homePage_Computer	1689962200880	1689962201239	OK	 
USER	Users	START	1689962201873
REQUEST		homePage_Computer	1689962200880	1689962202079	OK	 
REQUEST		homePage_Computer	1689962201873	1689962202205	OK	 
USER	Admins	START	1689962202883
USER	Users	START	1689962202883
REQUEST		homePage_Computer	1689962202884	1689962203222	OK	 
REQUEST		homePage_Computer	1689962202884	1689962203223	OK	 
USER	Users	START	1689962203894
REQUEST		homePage_Computer	1689962203895	1689962204236	OK	 
USER	Users	START	1689962204886
USER	Admins	START	1689962204886
REQUEST		homePage_Computer	1689962204886	1689962205239	OK	 
REQUEST		homePage_Computer	1689962204886	1689962205241	OK	 
USER	Users	START	1689962205895
REQUEST		homePage_Computer	1689962205895	1689962206305	OK	 
REQUEST		search_Computer	1689962212267	1689962212503	OK	 
REQUEST		search_Computer	1689962212267	1689962212504	OK	 
REQUEST		search_Computer	1689962213104	1689962213337	OK	 
REQUEST		search_Computer	1689962213245	1689962213503	OK	 
REQUEST		search_Computer	1689962213245	1689962213522	OK	 
REQUEST		search_Computer	1689962214241	1689962214491	OK	 
USER	Users	END	1689962214508
REQUEST		select_Computer	1689962214506	1689962214742	OK	 
USER	Users	END	1689962215352
REQUEST		search_Computer	1689962215244	1689962215465	OK	 
USER	Users	END	1689962215524
REQUEST		select_Computer	1689962215509	1689962215736	OK	 
REQUEST		search_Computer	1689962216088	1689962216310	OK	 
REQUEST		search_Computer	1689962216213	1689962216442	OK	 
USER	Users	END	1689962216498
REQUEST		search_Computer	1689962217225	1689962217462	OK	 
REQUEST		search_Computer	1689962217240	1689962217468	OK	 
REQUEST		select_Computer	1689962217474	1689962217697	OK	 
USER	Users	END	1689962218315
USER	Users	END	1689962218457
REQUEST		search_Computer	1689962218239	1689962218459	OK	 
USER	Users	END	1689962219471
REQUEST		search_Computer	1689962219251	1689962219498	OK	 
REQUEST		search_Computer	1689962219251	1689962219504	OK	 
REQUEST		select_Computer	1689962219471	1689962219697	OK	 
USER	Users	END	1689962220468
REQUEST		search_Computer	1689962220313	1689962220546	OK	 
USER	Users	END	1689962221521
REQUEST		select_Computer	1689962221506	1689962221783	OK	 
USER	Users	END	1689962222550
REQUEST		edit_Computer	1689962229762	1689962230119	OK	 
REQUEST		edit_Computer Redirect 1	1689962230131	1689962230547	OK	 
REQUEST		edit_Computer	1689962230752	1689962231037	OK	 
REQUEST		edit_Computer Redirect 1	1689962231037	1689962231464	OK	 
USER	Admins	END	1689962232554
REQUEST		edit_Computer	1689962232709	1689962232816	OK	 
REQUEST		edit_Computer Redirect 1	1689962232816	1689962233040	OK	 
USER	Admins	END	1689962233476
REQUEST		edit_Computer	1689962234700	1689962234810	OK	 
REQUEST		edit_Computer Redirect 1	1689962234811	1689962235040	OK	 
USER	Admins	END	1689962235042
REQUEST		edit_Computer	1689962236787	1689962236906	OK	 
USER	Admins	END	1689962237051
REQUEST		edit_Computer Redirect 1	1689962236907	1689962237136	OK	 
USER	Admins	END	1689962239152
