RUN	com.gatling.perftests.ProjectedOrangeHRM	projectedorangehrm	1699725289795	4	3.6.1
USER	ProjectedOrangeHRM	START	1699725291188
REQUEST		request_0	1699725291291	1699725291599	OK	 
REQUEST		favicon.ico?v=1689053487449	1699725291736	1699725291756	OK	 
REQUEST		chunk-vendors.css?v=1689053487449	1699725291738	1699725292112	OK	 
REQUEST		app.css?v=1689053487449	1699725291738	1699725292203	OK	 
REQUEST		request_5	1699725292211	1699725292271	OK	 
REQUEST		request_6	1699725292272	1699725292353	OK	 
REQUEST		chunk-vendors.js?v=1689053487449	1699725291739	1699725292676	OK	 
REQUEST		request_4	1699725292158	1699725292765	OK	 
REQUEST		request_2	1699725291763	1699725292847	OK	 
REQUEST		app.js?v=1689053487449	1699725291739	1699725292881	OK	 
REQUEST		request_1	1699725291740	1699725293082	OK	 
REQUEST		request_7	1699725326101	1699725326244	OK	 
REQUEST		request_7 Redirect 1	1699725326246	1699725326417	OK	 
REQUEST		app.js?v=1689053487449	1699725326427	1699725326452	OK	 
REQUEST		favicon.ico?v=1689053487449	1699725326425	1699725326456	OK	 
REQUEST		chunk-vendors.css?v=1689053487449	1699725326426	1699725326461	OK	 
REQUEST		app.css?v=1689053487449	1699725326426	1699725326462	OK	 
REQUEST		chunk-vendors.js?v=1689053487449	1699725326427	1699725326464	OK	 
REQUEST		request_9	1699725326428	1699725326472	OK	 
REQUEST		request_10	1699725326455	1699725326482	OK	 
REQUEST		request_15	1699725326473	1699725326497	KO	status.find.in(200,201,202,203,204,205,206,207,208,209,304), found 503
REQUEST		request_17	1699725326508	1699725326529	KO	status.find.in(200,201,202,203,204,205,206,207,208,209,304), found 503
REQUEST		request_11	1699725326457	1699725326610	KO	status.find.in(200,201,202,203,204,205,206,207,208,209,304), found 401
REQUEST		request_12	1699725326461	1699725326658	KO	status.find.in(200,201,202,203,204,205,206,207,208,209,304), found 401
REQUEST		request_16	1699725326483	1699725326707	KO	status.find.in(200,201,202,203,204,205,206,207,208,209,304), found 401
REQUEST		request_14	1699725326464	1699725326754	OK	 
REQUEST		request_18	1699725326530	1699725326802	KO	status.find.in(200,201,202,203,204,205,206,207,208,209,304), found 401
REQUEST		request_19	1699725326611	1699725326850	OK	 
REQUEST		request_21	1699725326708	1699725326898	OK	 
REQUEST		request_14	1699725326754	1699725326976	OK	 
REQUEST		request_20	1699725326659	1699725327020	KO	status.find.in(200,201,202,203,204,205,206,207,208,209,304), found 401
REQUEST		request_19	1699725326851	1699725327093	OK	 
REQUEST		request_23	1699725326976	1699725327134	OK	 
REQUEST		request_22	1699725326803	1699725327181	OK	 
REQUEST		request_21	1699725326899	1699725327257	OK	 
REQUEST		request_23	1699725327134	1699725327330	OK	 
REQUEST		request_13	1699725326463	1699725327373	KO	status.find.in(200,201,202,203,204,205,206,207,208,209,304), found 401
REQUEST		request_22	1699725327181	1699725327443	OK	 
USER	ProjectedOrangeHRM	END	1699725327459
