RUN	com.gatling.perftests.RecordedSimulationComputerDB	recordedsimulationcomputerdb	1699725472021	 	3.6.1
USER	Users	START	1699725473323
USER	Admins	START	1699725473323
REQUEST		homePage_Computer	1699725473421	1699725474058	OK	 
REQUEST		homePage_Computer	1699725473421	1699725474058	OK	 
USER	Users	START	1699725474314
REQUEST		homePage_Computer	1699725474314	1699725474682	OK	 
USER	Admins	START	1699725475303
USER	Users	START	1699725475319
REQUEST		homePage_Computer	1699725475304	1699725475682	OK	 
REQUEST		homePage_Computer	1699725475320	1699725475716	OK	 
USER	Users	START	1699725476301
REQUEST		homePage_Computer	1699725476302	1699725476663	OK	 
USER	Users	START	1699725477301
USER	Admins	START	1699725477301
REQUEST		homePage_Computer	1699725477302	1699725477697	OK	 
REQUEST		homePage_Computer	1699725477302	1699725477698	OK	 
USER	Users	START	1699725478299
REQUEST		homePage_Computer	1699725478299	1699725478694	OK	 
USER	Users	START	1699725479307
USER	Admins	START	1699725479307
REQUEST		homePage_Computer	1699725479307	1699725479680	OK	 
REQUEST		homePage_Computer	1699725479307	1699725479696	OK	 
USER	Users	START	1699725480321
REQUEST		homePage_Computer	1699725480322	1699725480703	OK	 
USER	Admins	START	1699725481299
USER	Users	START	1699725481299
REQUEST		homePage_Computer	1699725481299	1699725481665	OK	 
REQUEST		homePage_Computer	1699725481299	1699725481692	OK	 
USER	Users	START	1699725482297
REQUEST		homePage_Computer	1699725482298	1699725482668	OK	 
REQUEST		search_Computer	1699725488166	1699725488438	OK	 
REQUEST		search_Computer	1699725488166	1699725488444	OK	 
REQUEST		search_Computer	1699725488697	1699725488955	OK	 
REQUEST		search_Computer	1699725489693	1699725489965	OK	 
REQUEST		search_Computer	1699725489723	1699725490000	OK	 
USER	Users	END	1699725490462
REQUEST		select_Computer	1699725490445	1699725490713	OK	 
REQUEST		search_Computer	1699725490680	1699725490940	OK	 
USER	Users	END	1699725490965
REQUEST		search_Computer	1699725491710	1699725491983	OK	 
REQUEST		search_Computer	1699725491710	1699725491994	OK	 
USER	Users	END	1699725492010
REQUEST		select_Computer	1699725491978	1699725492239	OK	 
USER	Users	END	1699725492948
REQUEST		search_Computer	1699725492710	1699725492975	OK	 
REQUEST		search_Computer	1699725493696	1699725493974	OK	 
USER	Users	END	1699725493995
REQUEST		search_Computer	1699725493711	1699725494113	OK	 
REQUEST		select_Computer	1699725494011	1699725494282	OK	 
REQUEST		search_Computer	1699725494706	1699725494970	OK	 
USER	Users	END	1699725494990
REQUEST		search_Computer	1699725495674	1699725495956	OK	 
USER	Users	END	1699725495990
REQUEST		search_Computer	1699725495705	1699725495994	OK	 
REQUEST		select_Computer	1699725496117	1699725496377	OK	 
REQUEST		search_Computer	1699725496685	1699725496942	OK	 
USER	Users	END	1699725496983
USER	Users	END	1699725497963
REQUEST		select_Computer	1699725498008	1699725498283	OK	 
USER	Users	END	1699725498948
REQUEST		edit_Computer	1699725505725	1699725505854	OK	 
REQUEST		edit_Computer Redirect 1	1699725505871	1699725506145	OK	 
REQUEST		edit_Computer	1699725507249	1699725507376	OK	 
REQUEST		edit_Computer Redirect 1	1699725507377	1699725507966	OK	 
USER	Admins	END	1699725508159
REQUEST		edit_Computer	1699725509286	1699725509409	OK	 
REQUEST		edit_Computer Redirect 1	1699725509409	1699725509669	OK	 
USER	Admins	END	1699725509971
REQUEST		edit_Computer	1699725511386	1699725511512	OK	 
USER	Admins	END	1699725511682
REQUEST		edit_Computer Redirect 1	1699725511513	1699725511770	OK	 
REQUEST		edit_Computer	1699725513296	1699725513422	OK	 
REQUEST		edit_Computer Redirect 1	1699725513423	1699725513683	OK	 
USER	Admins	END	1699725513781
USER	Admins	END	1699725515692
