RUN	com.gatling.tests.ProjectedOrangeHRM	projectedorangehrm	1689922880501	 	3.6.1
USER	ProjectedOrangeHRM	START	1689922882186
REQUEST		request_0	1689922882282	1689922882596	OK	 
REQUEST		favicon.ico?v=1689053487449	1689922882718	1689922882753	OK	 
REQUEST		app.css?v=1689053487449	1689922882719	1689922882978	OK	 
REQUEST		chunk-vendors.css?v=1689053487449	1689922882719	1689922883226	OK	 
REQUEST		request_5	1689922883233	1689922883316	OK	 
REQUEST		request_6	1689922883317	1689922883396	OK	 
REQUEST		request_4	1689922883012	1689922883417	OK	 
REQUEST		app.js?v=1689053487449	1689922882720	1689922883648	OK	 
REQUEST		request_1	1689922882720	1689922883658	OK	 
REQUEST		request_2	1689922882760	1689922883699	OK	 
REQUEST		chunk-vendors.js?v=1689053487449	1689922882720	1689922884124	OK	 
REQUEST		request_7	1689922917141	1689922917302	OK	 
REQUEST		request_7 Redirect 1	1689922917304	1689922917482	OK	 
REQUEST		favicon.ico?v=1689053487449	1689922917490	1689922917516	OK	 
REQUEST		chunk-vendors.css?v=1689053487449	1689922917491	1689922917519	OK	 
REQUEST		app.js?v=1689053487449	1689922917492	1689922917526	OK	 
REQUEST		app.css?v=1689053487449	1689922917491	1689922917527	OK	 
REQUEST		chunk-vendors.js?v=1689053487449	1689922917492	1689922917528	OK	 
REQUEST		request_9	1689922917493	1689922917539	OK	 
REQUEST		request_10	1689922917518	1689922917544	OK	 
REQUEST		request_16	1689922917545	1689922917565	KO	status.find.in(200,201,202,203,204,205,206,207,208,209,304), found 503
REQUEST		request_17	1689922917576	1689922917600	KO	status.find.in(200,201,202,203,204,205,206,207,208,209,304), found 503
REQUEST		request_11	1689922917520	1689922917678	KO	status.find.in(200,201,202,203,204,205,206,207,208,209,304), found 401
REQUEST		request_12	1689922917526	1689922917738	KO	status.find.in(200,201,202,203,204,205,206,207,208,209,304), found 401
REQUEST		request_14	1689922917529	1689922917795	OK	 
REQUEST		request_18	1689922917601	1689922917837	KO	status.find.in(200,201,202,203,204,205,206,207,208,209,304), found 401
REQUEST		request_13	1689922917528	1689922917899	KO	status.find.in(200,201,202,203,204,205,206,207,208,209,304), found 401
REQUEST		request_19	1689922917679	1689922917941	OK	 
REQUEST		request_20	1689922917739	1689922918000	KO	status.find.in(200,201,202,203,204,205,206,207,208,209,304), found 401
REQUEST		request_14	1689922917796	1689922918086	OK	 
REQUEST		request_22	1689922917900	1689922918137	OK	 
REQUEST		request_15	1689922917540	1689922918179	KO	status.find.in(200,201,202,203,204,205,206,207,208,209,304), found 401
REQUEST		request_21	1689922917838	1689922918239	OK	 
REQUEST		request_19	1689922917942	1689922918341	OK	 
REQUEST		request_23	1689922918001	1689922918429	OK	 
REQUEST		request_22	1689922918138	1689922918527	OK	 
REQUEST		request_21	1689922918240	1689922918620	OK	 
REQUEST		request_23	1689922918429	1689922918701	OK	 
USER	ProjectedOrangeHRM	END	1689922918716
